# JRE version: Java(TM) SE Runtime Environment (8.0_181-b13) (build 1.8.0_181-b13)
# Java VM: Java HotSpot(TM) 64-Bit Server VM (25.181-b13 mixed mode windows-amd64 compressed oops)
Heap:
 PSYoungGen      total 202240K, used 44537K [0x000000076b100000, 0x0000000778780000, 0x00000007c0000000)
  eden space 182272K, 24% used [0x000000076b100000,0x000000076dc7e480,0x0000000776300000)
  from space 19968K, 0% used [0x0000000776300000,0x0000000776300000,0x0000000777680000)
  to   space 16896K, 0% used [0x0000000777700000,0x0000000777700000,0x0000000778780000)
 ParOldGen       total 93696K, used 20253K [0x00000006c1200000, 0x00000006c6d80000, 0x000000076b100000)
  object space 93696K, 21% used [0x00000006c1200000,0x00000006c25c77d8,0x00000006c6d80000)
 Metaspace       used 54932K, capacity 57502K, committed 58240K, reserved 1112064K
  class space    used 7697K, capacity 8192K, committed 8320K, reserved 1048576K
GC Heap History (10 events):
Event: 6.421 GC heap before
{Heap before GC invocations=28 (full 11):
 PSYoungGen      total 202240K, used 672K [0x000000076b100000, 0x0000000778800000, 0x00000007c0000000)
  eden space 182272K, 0% used [0x000000076b100000,0x000000076b100000,0x0000000776300000)
  from space 19968K, 3% used [0x0000000776300000,0x00000007763a8000,0x0000000777680000)
  to   space 17920K, 0% used [0x0000000777680000,0x0000000777680000,0x0000000778800000)
 ParOldGen       total 93696K, used 20369K [0x00000006c1200000, 0x00000006c6d80000, 0x000000076b100000)
  object space 93696K, 21% used [0x00000006c1200000,0x00000006c25e45b8,0x00000006c6d80000)
 Metaspace       used 54598K, capacity 57104K, committed 57728K, reserved 1114112K
  class space    used 7656K, capacity 8149K, committed 8320K, reserved 1048576K
Event: 6.451 GC heap after
Heap after GC invocations=28 (full 11):
 PSYoungGen      total 202240K, used 0K [0x000000076b100000, 0x0000000778800000, 0x00000007c0000000)
  eden space 182272K, 0% used [0x000000076b100000,0x000000076b100000,0x0000000776300000)
  from space 19968K, 0% used [0x0000000776300000,0x0000000776300000,0x0000000777680000)
  to   space 17920K, 0% used [0x0000000777680000,0x0000000777680000,0x0000000778800000)
 ParOldGen       total 93696K, used 20596K [0x00000006c1200000, 0x00000006c6d80000, 0x000000076b100000)
  object space 93696K, 21% used [0x00000006c1200000,0x00000006c261d1b0,0x00000006c6d80000)
 Metaspace       used 54598K, capacity 57104K, committed 57728K, reserved 1112064K
  class space    used 7656K, capacity 8149K, committed 8320K, reserved 1048576K
}
Event: 6.452 GC heap before
{Heap before GC invocations=29 (full 11):
 PSYoungGen      total 202240K, used 1822K [0x000000076b100000, 0x0000000778800000, 0x00000007c0000000)
  eden space 182272K, 1% used [0x000000076b100000,0x000000076b2c7b00,0x0000000776300000)
  from space 19968K, 0% used [0x0000000776300000,0x0000000776300000,0x0000000777680000)
  to   space 17920K, 0% used [0x0000000777680000,0x0000000777680000,0x0000000778800000)
 ParOldGen       total 93696K, used 20596K [0x00000006c1200000, 0x00000006c6d80000, 0x000000076b100000)
  object space 93696K, 21% used [0x00000006c1200000,0x00000006c261d1b0,0x00000006c6d80000)
 Metaspace       used 54598K, capacity 57104K, committed 57728K, reserved 1116160K
  class space    used 7656K, capacity 8149K, committed 8320K, reserved 1048576K
Event: 6.454 GC heap after
Heap after GC invocations=29 (full 11):
 PSYoungGen      total 200192K, used 32K [0x000000076b100000, 0x0000000778800000, 0x00000007c0000000)
  eden space 182272K, 0% used [0x000000076b100000,0x000000076b100000,0x0000000776300000)
  from space 17920K, 0% used [0x0000000777680000,0x0000000777688000,0x0000000778800000)
  to   space 19968K, 0% used [0x0000000776300000,0x0000000776300000,0x0000000777680000)
 ParOldGen       total 93696K, used 20596K [0x00000006c1200000, 0x00000006c6d80000, 0x000000076b100000)
  object space 93696K, 21% used [0x00000006c1200000,0x00000006c261d1b0,0x00000006c6d80000)
 Metaspace       used 54598K, capacity 57104K, committed 57728K, reserved 1116160K
  class space    used 7656K, capacity 8149K, committed 8320K, reserved 1048576K
}
Event: 6.454 GC heap before
{Heap before GC invocations=30 (full 12):
 PSYoungGen      total 200192K, used 32K [0x000000076b100000, 0x0000000778800000, 0x00000007c0000000)
  eden space 182272K, 0% used [0x000000076b100000,0x000000076b100000,0x0000000776300000)
  from space 17920K, 0% used [0x0000000777680000,0x0000000777688000,0x0000000778800000)
  to   space 19968K, 0% used [0x0000000776300000,0x0000000776300000,0x0000000777680000)
 ParOldGen       total 93696K, used 20596K [0x00000006c1200000, 0x00000006c6d80000, 0x000000076b100000)
  object space 93696K, 21% used [0x00000006c1200000,0x00000006c261d1b0,0x00000006c6d80000)
 Metaspace       used 54598K, capacity 57104K, committed 57728K, reserved 1116160K
  class space    used 7656K, capacity 8149K, committed 8320K, reserved 1048576K
Event: 6.482 GC heap after
Heap after GC invocations=30 (full 12):
 PSYoungGen      total 200192K, used 0K [0x000000076b100000, 0x0000000778800000, 0x00000007c0000000)
  eden space 182272K, 0% used [0x000000076b100000,0x000000076b100000,0x0000000776300000)
  from space 17920K, 0% used [0x0000000777680000,0x0000000777680000,0x0000000778800000)
  to   space 19968K, 0% used [0x0000000776300000,0x0000000776300000,0x0000000777680000)
 ParOldGen       total 93696K, used 20390K [0x00000006c1200000, 0x00000006c6d80000, 0x000000076b100000)
  object space 93696K, 21% used [0x00000006c1200000,0x00000006c25e9b28,0x00000006c6d80000)
 Metaspace       used 54598K, capacity 57104K, committed 57728K, reserved 1112064K
  class space    used 7656K, capacity 8149K, committed 8320K, reserved 1048576K
}
Event: 6.483 GC heap before
{Heap before GC invocations=31 (full 12):
 PSYoungGen      total 200192K, used 0K [0x000000076b100000, 0x0000000778800000, 0x00000007c0000000)
  eden space 182272K, 0% used [0x000000076b100000,0x000000076b100000,0x0000000776300000)
  from space 17920K, 0% used [0x0000000777680000,0x0000000777680000,0x0000000778800000)
  to   space 19968K, 0% used [0x0000000776300000,0x0000000776300000,0x0000000777680000)
 ParOldGen       total 93696K, used 20390K [0x00000006c1200000, 0x00000006c6d80000, 0x000000076b100000)
  object space 93696K, 21% used [0x00000006c1200000,0x00000006c25e9b28,0x00000006c6d80000)
 Metaspace       used 54598K, capacity 57104K, committed 57728K, reserved 1116160K
  class space    used 7656K, capacity 8149K, committed 8320K, reserved 1048576K
Event: 6.485 GC heap after
Heap after GC invocations=31 (full 12):
 PSYoungGen      total 202240K, used 0K [0x000000076b100000, 0x0000000778780000, 0x00000007c0000000)
  eden space 182272K, 0% used [0x000000076b100000,0x000000076b100000,0x0000000776300000)
  from space 19968K, 0% used [0x0000000776300000,0x0000000776300000,0x0000000777680000)
  to   space 16896K, 0% used [0x0000000777700000,0x0000000777700000,0x0000000778780000)
 ParOldGen       total 93696K, used 20390K [0x00000006c1200000, 0x00000006c6d80000, 0x000000076b100000)
  object space 93696K, 21% used [0x00000006c1200000,0x00000006c25e9b28,0x00000006c6d80000)
 Metaspace       used 54598K, capacity 57104K, committed 57728K, reserved 1116160K
  class space    used 7656K, capacity 8149K, committed 8320K, reserved 1048576K
}
Event: 6.485 GC heap before
{Heap before GC invocations=32 (full 13):
 PSYoungGen      total 202240K, used 0K [0x000000076b100000, 0x0000000778780000, 0x00000007c0000000)
  eden space 182272K, 0% used [0x000000076b100000,0x000000076b100000,0x0000000776300000)
  from space 19968K, 0% used [0x0000000776300000,0x0000000776300000,0x0000000777680000)
  to   space 16896K, 0% used [0x0000000777700000,0x0000000777700000,0x0000000778780000)
 ParOldGen       total 93696K, used 20390K [0x00000006c1200000, 0x00000006c6d80000, 0x000000076b100000)
  object space 93696K, 21% used [0x00000006c1200000,0x00000006c25e9b28,0x00000006c6d80000)
 Metaspace       used 54598K, capacity 57104K, committed 57728K, reserved 1116160K
  class space    used 7656K, capacity 8149K, committed 8320K, reserved 1048576K
Event: 6.598 GC heap after
Heap after GC invocations=32 (full 13):
 PSYoungGen      total 202240K, used 0K [0x000000076b100000, 0x0000000778780000, 0x00000007c0000000)
  eden space 182272K, 0% used [0x000000076b100000,0x000000076b100000,0x0000000776300000)
  from space 19968K, 0% used [0x0000000776300000,0x0000000776300000,0x0000000777680000)
  to   space 16896K, 0% used [0x0000000777700000,0x0000000777700000,0x0000000778780000)
 ParOldGen       total 93696K, used 20253K [0x00000006c1200000, 0x00000006c6d80000, 0x000000076b100000)
  object space 93696K, 21% used [0x00000006c1200000,0x00000006c25c77d8,0x00000006c6d80000)
 Metaspace       used 54594K, capacity 57098K, committed 57728K, reserved 1112064K
  class space    used 7656K, capacity 8148K, committed 8320K, reserved 1048576K
}

